nohup: ignoring input
Using: cuda
[train] Loaded 7568 samples (Pe=[0, 10])
[dev] Loaded 932 samples (Pe=[0, 10])
[test] Loaded 968 samples (Pe=[0, 10])
---- Training ----
Epoch 1/300 | Train=0.05266 | Dev=0.03838
Epoch 2/300 | Train=0.03474 | Dev=0.03185
Epoch 3/300 | Train=0.02969 | Dev=0.02694
Epoch 4/300 | Train=0.02454 | Dev=0.02184
Epoch 5/300 | Train=0.01987 | Dev=0.01704
Epoch 6/300 | Train=0.01521 | Dev=0.01289
Epoch 7/300 | Train=0.01154 | Dev=0.00929
Epoch 8/300 | Train=0.00866 | Dev=0.00692
Epoch 9/300 | Train=0.00682 | Dev=0.00548
Epoch 10/300 | Train=0.00566 | Dev=0.00458
Epoch 11/300 | Train=0.00503 | Dev=0.00395
Epoch 12/300 | Train=0.00463 | Dev=0.00355
Epoch 13/300 | Train=0.00420 | Dev=0.00324
Epoch 14/300 | Train=0.00393 | Dev=0.00309
Epoch 15/300 | Train=0.00375 | Dev=0.00294
Epoch 16/300 | Train=0.00357 | Dev=0.00272
Epoch 17/300 | Train=0.00347 | Dev=0.00257
Epoch 18/300 | Train=0.00334 | Dev=0.00243
Epoch 19/300 | Train=0.00314 | Dev=0.00234
Epoch 20/300 | Train=0.00301 | Dev=0.00224
Epoch 21/300 | Train=0.00291 | Dev=0.00210
Epoch 22/300 | Train=0.00282 | Dev=0.00200
Epoch 23/300 | Train=0.00269 | Dev=0.00192
Epoch 24/300 | Train=0.00260 | Dev=0.00180
Epoch 25/300 | Train=0.00253 | Dev=0.00173
Epoch 26/300 | Train=0.00242 | Dev=0.00170
Epoch 27/300 | Train=0.00236 | Dev=0.00171
Epoch 28/300 | Train=0.00229 | Dev=0.00155
Epoch 29/300 | Train=0.00224 | Dev=0.00157
Epoch 30/300 | Train=0.00216 | Dev=0.00149
Epoch 31/300 | Train=0.00209 | Dev=0.00162
Epoch 32/300 | Train=0.00206 | Dev=0.00142
Epoch 33/300 | Train=0.00204 | Dev=0.00154
Epoch 34/300 | Train=0.00200 | Dev=0.00140
Epoch 35/300 | Train=0.00194 | Dev=0.00134
Epoch 36/300 | Train=0.00194 | Dev=0.00135
Epoch 37/300 | Train=0.00186 | Dev=0.00139
Epoch 38/300 | Train=0.00182 | Dev=0.00146
Epoch 39/300 | Train=0.00181 | Dev=0.00133
Epoch 40/300 | Train=0.00179 | Dev=0.00128
Epoch 41/300 | Train=0.00176 | Dev=0.00123
Epoch 42/300 | Train=0.00176 | Dev=0.00122
Epoch 43/300 | Train=0.00171 | Dev=0.00118
Epoch 44/300 | Train=0.00164 | Dev=0.00118
Epoch 45/300 | Train=0.00164 | Dev=0.00115
Epoch 46/300 | Train=0.00161 | Dev=0.00114
Epoch 47/300 | Train=0.00157 | Dev=0.00114
Epoch 48/300 | Train=0.00154 | Dev=0.00119
Epoch 49/300 | Train=0.00154 | Dev=0.00113
Epoch 50/300 | Train=0.00151 | Dev=0.00113
Epoch 51/300 | Train=0.00149 | Dev=0.00112
Epoch 52/300 | Train=0.00148 | Dev=0.00107
Epoch 53/300 | Train=0.00145 | Dev=0.00107
Epoch 54/300 | Train=0.00141 | Dev=0.00122
Epoch 55/300 | Train=0.00140 | Dev=0.00107
Epoch 56/300 | Train=0.00139 | Dev=0.00105
Epoch 57/300 | Train=0.00137 | Dev=0.00103
Epoch 58/300 | Train=0.00136 | Dev=0.00105
Epoch 59/300 | Train=0.00133 | Dev=0.00105
Epoch 60/300 | Train=0.00131 | Dev=0.00107
Epoch 61/300 | Train=0.00132 | Dev=0.00103
Epoch 62/300 | Train=0.00128 | Dev=0.00103
Epoch 63/300 | Train=0.00126 | Dev=0.00104
Epoch 64/300 | Train=0.00124 | Dev=0.00102
Epoch 65/300 | Train=0.00125 | Dev=0.00103
Epoch 66/300 | Train=0.00122 | Dev=0.00099
Epoch 67/300 | Train=0.00124 | Dev=0.00098
Epoch 68/300 | Train=0.00118 | Dev=0.00106
Epoch 69/300 | Train=0.00118 | Dev=0.00098
Epoch 70/300 | Train=0.00117 | Dev=0.00111
Epoch 71/300 | Train=0.00115 | Dev=0.00099
Epoch 72/300 | Train=0.00112 | Dev=0.00097
Epoch 73/300 | Train=0.00111 | Dev=0.00100
Epoch 74/300 | Train=0.00113 | Dev=0.00095
Epoch 75/300 | Train=0.00111 | Dev=0.00094
Epoch 76/300 | Train=0.00109 | Dev=0.00094
Epoch 77/300 | Train=0.00107 | Dev=0.00101
Epoch 78/300 | Train=0.00106 | Dev=0.00096
Epoch 79/300 | Train=0.00103 | Dev=0.00096
Epoch 80/300 | Train=0.00104 | Dev=0.00099
Epoch 81/300 | Train=0.00101 | Dev=0.00092
Epoch 82/300 | Train=0.00103 | Dev=0.00101
Epoch 83/300 | Train=0.00101 | Dev=0.00102
Epoch 84/300 | Train=0.00100 | Dev=0.00091
Epoch 85/300 | Train=0.00098 | Dev=0.00098
Epoch 86/300 | Train=0.00101 | Dev=0.00091
Epoch 87/300 | Train=0.00095 | Dev=0.00091
Epoch 88/300 | Train=0.00094 | Dev=0.00092
Epoch 89/300 | Train=0.00093 | Dev=0.00091
Epoch 90/300 | Train=0.00092 | Dev=0.00092
Epoch 91/300 | Train=0.00093 | Dev=0.00091
Epoch 92/300 | Train=0.00088 | Dev=0.00096
Epoch 93/300 | Train=0.00090 | Dev=0.00090
Epoch 94/300 | Train=0.00090 | Dev=0.00107
Epoch 95/300 | Train=0.00089 | Dev=0.00088
Epoch 96/300 | Train=0.00088 | Dev=0.00089
Epoch 97/300 | Train=0.00088 | Dev=0.00091
Epoch 98/300 | Train=0.00088 | Dev=0.00089
Epoch 99/300 | Train=0.00084 | Dev=0.00086
Epoch 100/300 | Train=0.00084 | Dev=0.00090
Epoch 101/300 | Train=0.00083 | Dev=0.00087
Epoch 102/300 | Train=0.00080 | Dev=0.00086
Epoch 103/300 | Train=0.00082 | Dev=0.00086
Epoch 104/300 | Train=0.00081 | Dev=0.00090
Epoch 105/300 | Train=0.00081 | Dev=0.00087
Epoch 106/300 | Train=0.00078 | Dev=0.00087
Epoch 107/300 | Train=0.00077 | Dev=0.00097
Epoch 108/300 | Train=0.00077 | Dev=0.00086
Epoch 109/300 | Train=0.00077 | Dev=0.00089
Epoch 110/300 | Train=0.00078 | Dev=0.00086
Epoch 111/300 | Train=0.00076 | Dev=0.00089
Epoch 112/300 | Train=0.00073 | Dev=0.00085
Epoch 113/300 | Train=0.00074 | Dev=0.00092
Epoch 114/300 | Train=0.00074 | Dev=0.00085
Epoch 115/300 | Train=0.00072 | Dev=0.00086
Epoch 116/300 | Train=0.00071 | Dev=0.00094
Epoch 117/300 | Train=0.00073 | Dev=0.00085
Epoch 118/300 | Train=0.00071 | Dev=0.00083
Epoch 119/300 | Train=0.00071 | Dev=0.00087
Epoch 120/300 | Train=0.00069 | Dev=0.00084
Epoch 121/300 | Train=0.00071 | Dev=0.00084
Epoch 122/300 | Train=0.00070 | Dev=0.00087
Epoch 123/300 | Train=0.00068 | Dev=0.00084
Epoch 124/300 | Train=0.00068 | Dev=0.00089
Epoch 125/300 | Train=0.00068 | Dev=0.00084
Epoch 126/300 | Train=0.00069 | Dev=0.00084
Epoch 127/300 | Train=0.00067 | Dev=0.00088
Epoch 128/300 | Train=0.00066 | Dev=0.00086
Epoch 129/300 | Train=0.00066 | Dev=0.00095
Epoch 130/300 | Train=0.00065 | Dev=0.00087
Epoch 131/300 | Train=0.00064 | Dev=0.00084
Epoch 132/300 | Train=0.00065 | Dev=0.00084
Epoch 133/300 | Train=0.00066 | Dev=0.00083
Epoch 134/300 | Train=0.00061 | Dev=0.00085
Epoch 135/300 | Train=0.00063 | Dev=0.00088
Epoch 136/300 | Train=0.00061 | Dev=0.00089
Epoch 137/300 | Train=0.00064 | Dev=0.00082
Epoch 138/300 | Train=0.00062 | Dev=0.00084
Epoch 139/300 | Train=0.00061 | Dev=0.00085
Epoch 140/300 | Train=0.00062 | Dev=0.00083
Epoch 141/300 | Train=0.00060 | Dev=0.00085
Epoch 142/300 | Train=0.00059 | Dev=0.00087
Epoch 143/300 | Train=0.00059 | Dev=0.00088
Epoch 144/300 | Train=0.00061 | Dev=0.00086
Epoch 145/300 | Train=0.00060 | Dev=0.00086
Epoch 146/300 | Train=0.00059 | Dev=0.00084
Epoch 147/300 | Train=0.00057 | Dev=0.00084
Epoch 148/300 | Train=0.00058 | Dev=0.00086
Epoch 149/300 | Train=0.00060 | Dev=0.00088
Epoch 150/300 | Train=0.00060 | Dev=0.00081
Epoch 151/300 | Train=0.00060 | Dev=0.00087
Epoch 152/300 | Train=0.00058 | Dev=0.00086
Epoch 153/300 | Train=0.00056 | Dev=0.00084
Epoch 154/300 | Train=0.00057 | Dev=0.00084
Epoch 155/300 | Train=0.00055 | Dev=0.00085
Epoch 156/300 | Train=0.00057 | Dev=0.00098
Epoch 157/300 | Train=0.00057 | Dev=0.00087
Epoch 158/300 | Train=0.00056 | Dev=0.00083
Epoch 159/300 | Train=0.00054 | Dev=0.00083
Epoch 160/300 | Train=0.00055 | Dev=0.00084
Epoch 161/300 | Train=0.00055 | Dev=0.00082
Epoch 162/300 | Train=0.00055 | Dev=0.00082
Epoch 163/300 | Train=0.00055 | Dev=0.00081
Epoch 164/300 | Train=0.00054 | Dev=0.00084
Epoch 165/300 | Train=0.00054 | Dev=0.00083
Epoch 166/300 | Train=0.00053 | Dev=0.00084
Epoch 167/300 | Train=0.00055 | Dev=0.00085
Epoch 168/300 | Train=0.00054 | Dev=0.00084
Epoch 169/300 | Train=0.00053 | Dev=0.00092
Epoch 170/300 | Train=0.00055 | Dev=0.00083
Epoch 171/300 | Train=0.00052 | Dev=0.00085
Epoch 172/300 | Train=0.00053 | Dev=0.00081
Epoch 173/300 | Train=0.00052 | Dev=0.00082
Epoch 174/300 | Train=0.00052 | Dev=0.00084
Epoch 175/300 | Train=0.00053 | Dev=0.00083
Epoch 176/300 | Train=0.00051 | Dev=0.00082
Epoch 177/300 | Train=0.00053 | Dev=0.00083
Epoch 178/300 | Train=0.00053 | Dev=0.00082
Epoch 179/300 | Train=0.00052 | Dev=0.00085
Epoch 180/300 | Train=0.00052 | Dev=0.00090
Epoch 181/300 | Train=0.00051 | Dev=0.00085
Epoch 182/300 | Train=0.00052 | Dev=0.00083
Epoch 183/300 | Train=0.00054 | Dev=0.00083
Epoch 184/300 | Train=0.00049 | Dev=0.00081
Epoch 185/300 | Train=0.00052 | Dev=0.00083
Epoch 186/300 | Train=0.00052 | Dev=0.00087
Epoch 187/300 | Train=0.00052 | Dev=0.00082
Epoch 188/300 | Train=0.00050 | Dev=0.00085
Epoch 189/300 | Train=0.00052 | Dev=0.00082
Epoch 190/300 | Train=0.00050 | Dev=0.00084
Epoch 191/300 | Train=0.00049 | Dev=0.00084
Epoch 192/300 | Train=0.00052 | Dev=0.00087
Epoch 193/300 | Train=0.00049 | Dev=0.00085
Epoch 194/300 | Train=0.00051 | Dev=0.00084
Epoch 195/300 | Train=0.00049 | Dev=0.00084
Epoch 196/300 | Train=0.00050 | Dev=0.00083
Epoch 197/300 | Train=0.00049 | Dev=0.00081
Epoch 198/300 | Train=0.00051 | Dev=0.00086
Epoch 199/300 | Train=0.00050 | Dev=0.00083
Epoch 200/300 | Train=0.00048 | Dev=0.00084
Epoch 201/300 | Train=0.00050 | Dev=0.00083
Epoch 202/300 | Train=0.00047 | Dev=0.00087
Epoch 203/300 | Train=0.00047 | Dev=0.00083
Epoch 204/300 | Train=0.00048 | Dev=0.00083
Epoch 205/300 | Train=0.00049 | Dev=0.00085
Epoch 206/300 | Train=0.00049 | Dev=0.00091
Epoch 207/300 | Train=0.00048 | Dev=0.00086
Epoch 208/300 | Train=0.00048 | Dev=0.00083
Epoch 209/300 | Train=0.00050 | Dev=0.00084
Epoch 210/300 | Train=0.00050 | Dev=0.00084
Epoch 211/300 | Train=0.00047 | Dev=0.00093
Epoch 212/300 | Train=0.00048 | Dev=0.00083
Epoch 213/300 | Train=0.00049 | Dev=0.00082
Epoch 214/300 | Train=0.00051 | Dev=0.00085
Epoch 215/300 | Train=0.00050 | Dev=0.00083
Epoch 216/300 | Train=0.00049 | Dev=0.00089
Epoch 217/300 | Train=0.00047 | Dev=0.00084
Epoch 218/300 | Train=0.00047 | Dev=0.00084
Epoch 219/300 | Train=0.00050 | Dev=0.00083
Epoch 220/300 | Train=0.00048 | Dev=0.00087
Epoch 221/300 | Train=0.00049 | Dev=0.00082
Epoch 222/300 | Train=0.00048 | Dev=0.00083
Epoch 223/300 | Train=0.00049 | Dev=0.00085
Epoch 224/300 | Train=0.00047 | Dev=0.00085
Epoch 225/300 | Train=0.00047 | Dev=0.00089
Epoch 226/300 | Train=0.00046 | Dev=0.00087
Epoch 227/300 | Train=0.00047 | Dev=0.00082
Epoch 228/300 | Train=0.00047 | Dev=0.00084
Epoch 229/300 | Train=0.00049 | Dev=0.00083
Epoch 230/300 | Train=0.00046 | Dev=0.00083
Epoch 231/300 | Train=0.00046 | Dev=0.00083
Epoch 232/300 | Train=0.00046 | Dev=0.00089
Epoch 233/300 | Train=0.00046 | Dev=0.00087
Epoch 234/300 | Train=0.00047 | Dev=0.00084
Epoch 235/300 | Train=0.00047 | Dev=0.00084
Epoch 236/300 | Train=0.00047 | Dev=0.00086
Epoch 237/300 | Train=0.00044 | Dev=0.00084
Epoch 238/300 | Train=0.00047 | Dev=0.00083
Epoch 239/300 | Train=0.00047 | Dev=0.00086
Epoch 240/300 | Train=0.00046 | Dev=0.00083
Epoch 241/300 | Train=0.00047 | Dev=0.00087
Epoch 242/300 | Train=0.00047 | Dev=0.00085
Epoch 243/300 | Train=0.00048 | Dev=0.00088
Epoch 244/300 | Train=0.00046 | Dev=0.00084
Epoch 245/300 | Train=0.00048 | Dev=0.00086
Epoch 246/300 | Train=0.00047 | Dev=0.00088
Epoch 247/300 | Train=0.00046 | Dev=0.00084
Epoch 248/300 | Train=0.00047 | Dev=0.00088
Epoch 249/300 | Train=0.00047 | Dev=0.00085
Epoch 250/300 | Train=0.00047 | Dev=0.00087
Epoch 251/300 | Train=0.00046 | Dev=0.00088
Epoch 252/300 | Train=0.00045 | Dev=0.00086
Epoch 253/300 | Train=0.00046 | Dev=0.00089
Epoch 254/300 | Train=0.00047 | Dev=0.00083
Epoch 255/300 | Train=0.00046 | Dev=0.00084
Epoch 256/300 | Train=0.00047 | Dev=0.00084
Epoch 257/300 | Train=0.00046 | Dev=0.00083
Epoch 258/300 | Train=0.00046 | Dev=0.00086
Epoch 259/300 | Train=0.00046 | Dev=0.00084
Epoch 260/300 | Train=0.00045 | Dev=0.00086
Epoch 261/300 | Train=0.00046 | Dev=0.00085
Epoch 262/300 | Train=0.00047 | Dev=0.00083
Epoch 263/300 | Train=0.00047 | Dev=0.00087
Epoch 264/300 | Train=0.00048 | Dev=0.00085
Epoch 265/300 | Train=0.00045 | Dev=0.00083
Epoch 266/300 | Train=0.00047 | Dev=0.00086
Epoch 267/300 | Train=0.00046 | Dev=0.00086
Epoch 268/300 | Train=0.00045 | Dev=0.00088
Epoch 269/300 | Train=0.00045 | Dev=0.00084
Epoch 270/300 | Train=0.00045 | Dev=0.00086
Epoch 271/300 | Train=0.00045 | Dev=0.00086
Epoch 272/300 | Train=0.00046 | Dev=0.00089
Epoch 273/300 | Train=0.00045 | Dev=0.00084
Epoch 274/300 | Train=0.00047 | Dev=0.00084
Epoch 275/300 | Train=0.00046 | Dev=0.00087
Epoch 276/300 | Train=0.00045 | Dev=0.00086
Epoch 277/300 | Train=0.00045 | Dev=0.00083
Epoch 278/300 | Train=0.00045 | Dev=0.00084
Epoch 279/300 | Train=0.00046 | Dev=0.00083
Epoch 280/300 | Train=0.00046 | Dev=0.00084
Epoch 281/300 | Train=0.00045 | Dev=0.00082
Epoch 282/300 | Train=0.00047 | Dev=0.00084
Epoch 283/300 | Train=0.00045 | Dev=0.00090
Epoch 284/300 | Train=0.00046 | Dev=0.00087
Epoch 285/300 | Train=0.00046 | Dev=0.00089
Epoch 286/300 | Train=0.00046 | Dev=0.00083
Epoch 287/300 | Train=0.00046 | Dev=0.00094
Epoch 288/300 | Train=0.00044 | Dev=0.00086
Epoch 289/300 | Train=0.00044 | Dev=0.00087
Epoch 290/300 | Train=0.00045 | Dev=0.00085
Epoch 291/300 | Train=0.00044 | Dev=0.00082
Epoch 292/300 | Train=0.00045 | Dev=0.00085
Epoch 293/300 | Train=0.00044 | Dev=0.00084
Epoch 294/300 | Train=0.00044 | Dev=0.00084
Epoch 295/300 | Train=0.00045 | Dev=0.00084
Epoch 296/300 | Train=0.00045 | Dev=0.00087
Epoch 297/300 | Train=0.00044 | Dev=0.00086
Epoch 298/300 | Train=0.00044 | Dev=0.00091
Epoch 299/300 | Train=0.00046 | Dev=0.00090
Epoch 300/300 | Train=0.00045 | Dev=0.00085
Final Test Loss = 0.000894424145822875
Saved model to /home/kqin/OpenFOAM/kqin-7/quickFNO5000/model_final.pth
